<?xml version="1.0" encoding="UTF-8"?>
<testsuite name="snake.basic.DeathTests" tests="3" skipped="0" failures="0" errors="0" timestamp="2025-09-20T22:30:10" hostname="DESKTOP-4NRB2QG" time="0.012">
  <properties/>
  <testcase name="testGameOver" classname="snake.basic.DeathTests" time="0.005"/>
  <testcase name="testPreciselyDoesNotDie" classname="snake.basic.DeathTests" time="0.004"/>
  <testcase name="testNoEscapeGameOver" classname="snake.basic.DeathTests" time="0.002"/>
  <system-out><![CDATA[]]></system-out>
  <system-err><![CDATA[]]></system-err>
</testsuite>
